session start at 20231013 18:47:49
20231013 18:47:55 load 1.txt
20231013 18:47:57 list
20231013 18:48:09 insert 1 # wwww
20231013 18:48:11 list
20231013 18:48:28 save
20231013 18:48:44 load 2.txt
20231013 18:48:50 list
20231013 18:48:59 insert # ffff
20231013 18:49:01 list
20231013 18:49:11 delete 4
20231013 18:49:13 list
session start at 20231013 18:50:57
20231013 18:51:02 load 1.txt
20231013 18:51:21 list
20231013 18:51:33 insert 1 # rrrr
20231013 18:51:35 list
20231013 18:51:37 save
session start at 20231013 20:05:36
session start at 20231013 20:05:52
20231013 20:06:00 stats all
20231013 20:06:07 stats current
session start at 20231013 20:06:20
session start at 20231013 20:06:30
20231013 20:06:38 history 99
session start at 20231013 20:08:13
session start at 20231013 20:09:01
20231013 20:09:18 load 1.txt
session start at 20231013 20:13:23
20231013 20:13:28 history
session start at 20231013 20:14:03
20231013 20:14:06 history
20231013 20:14:08 stats
20231013 20:14:18 stats all
session start at 20231013 20:25:36
20231013 20:25:46 history
session start at 20231018 23:59:06
20231018 23:59:15 load 1.md
20231018 23:59:17 list
20231018 23:59:36 append-head # qqqqq
20231018 23:59:41 list
20231018 23:59:53 insert 1 # wwww
20231018 23:59:55 list
20231019 00:00:34 insert 2 1. ttttt
20231019 00:00:35 list
20231019 00:01:11 save
session start at 20231019 00:01:47
20231019 00:01:52 load 1.md
20231019 00:02:11 delete qqqqq
20231019 00:02:13 list
20231019 00:02:22 delete ttttt
20231019 00:02:26 delete wwww
20231019 00:02:28 list
session start at 20231019 00:45:57
session start at 20231019 00:46:48
20231019 00:46:53 load 1.md
20231019 00:46:55 list
20231019 00:46:59 list-tree
session start at 20231019 00:49:55
20231019 00:50:03 load 1.md
20231019 00:50:07 list-tree
session start at 20231019 00:55:51
20231019 00:55:56 load 1.md
20231019 00:56:01 list-tree
session start at 20231019 00:58:18
20231019 00:58:22 load 1.md
20231019 00:58:27 list-tree
20231019 00:58:34 list
20231019 00:58:47 insert 2 ## eeeeee
20231019 00:58:49 list
20231019 00:58:54 list-tree
session start at 20231019 01:00:53
20231019 01:00:58 load 1.md
20231019 01:00:59 list
20231019 01:01:03 list tree
20231019 01:01:11 list-tree
session start at 20231019 01:03:18
20231019 01:03:22 load 1.md
20231019 01:03:25 list-tree
20231019 01:03:29 list
20231019 01:03:53 insert 2 ## eeeee
20231019 01:03:56 list
20231019 01:04:04 list-tree
session start at 20231019 01:07:51
20231019 01:07:57 load 1.md
20231019 01:07:59 list
20231019 01:08:03 list-tree
session start at 20231019 01:09:58
20231019 01:10:04 load 1.md
20231019 01:10:09 list-tree
session start at 20231019 01:16:40
20231019 01:16:46 load 1.md
session start at 20231019 01:25:48
20231019 01:25:55 load 1.md
20231019 01:25:59 list-tree
session start at 20231019 01:28:31
20231019 01:28:40 load 1.md
20231019 01:28:44 list-tree
20231019 01:28:47 list
20231019 01:28:56 insert 2 ## eeeee
20231019 01:28:58 save
20231019 01:29:02 list-tree
session start at 20231019 01:59:34
20231019 01:59:41 load 1.md
20231019 01:59:42 list
20231019 01:59:46 list-tree
20231019 01:59:52 list-tree
session start at 20231019 02:11:44
20231019 02:11:51 load 1.md
20231019 02:11:53 list
20231019 02:11:57 list-tree
session start at 20231019 02:12:43
20231019 02:12:51 load 1.md
20231019 02:12:54 list
session start at 20231019 02:22:43
20231019 02:22:53 load 1.md
20231019 02:22:54 list
session start at 20231019 02:24:28
20231019 02:24:57 load 1.md
session start at 20231019 02:45:06
20231019 02:45:11 load 1.md
session start at 20231019 02:47:56
20231019 02:48:01 load 1.md
session start at 20231019 02:49:44
20231019 02:49:48 load 1.md
20231019 02:49:52 list-tree
session start at 20231019 02:51:41
20231019 02:51:49 load 1.md
20231019 02:51:52 list-tree
20231019 02:51:56 list
20231019 02:52:10 insert 3 #### ttttttt
20231019 02:52:12 list
20231019 02:52:18 list-tree
20231019 02:52:36 insert 5 2. qwewr
20231019 02:52:38 list
20231019 02:52:45 list-tree
20231019 02:53:14 append-tail ### werwer
20231019 02:53:18 list-tree
20231019 02:53:33 list
20231019 02:53:39 insert 3 ## werwer
20231019 02:53:43 list-tree
20231019 02:53:51 list
20231019 02:54:01 insert 3 ### qweqweq
20231019 02:54:03 list
20231019 02:54:09 list-tree
session start at 20231019 03:08:36
20231019 03:08:45 load 1.md
20231019 03:08:47 list
20231019 03:08:58 insert 3 #### werwerw
20231019 03:09:02 list
20231019 03:09:13 insert 4 ## sdfsd
20231019 03:09:15 list
20231019 03:09:37 insert 6 2. afafafd
20231019 03:09:39 list
20231019 03:09:44 list-tree
session start at 20231019 03:12:16
20231019 03:12:26 load 1.md
20231019 03:12:28 list
20231019 03:12:35 dir
20231019 03:12:40 dir-tree
20231019 03:12:45 list
20231019 03:12:55 dir-tree wwww
session start at 20231019 03:13:39
20231019 03:13:44 load 1.md
20231019 03:13:45 list
20231019 03:13:51 dir-tree wwww
20231019 03:20:29 dir-tree eeeee
20231019 03:20:52 dir-tree wwww
session start at 20231019 03:22:02
20231019 03:22:09 load 1.md
20231019 03:22:11 list
20231019 03:27:54 dir-tree wwww
session start at 20231019 03:31:51
20231019 03:31:58 load 1.md
20231019 03:32:01 dir-tree
20231019 03:32:07 dir-tree wwww
20231019 03:32:16 list-tree
